<?xml version="1.0" encoding="UTF-8"?>
<testng-results ignored="0" total="2" passed="2" failed="0" skipped="0">
  <reporter-output>
  </reporter-output>
  <suite started-at="2020-10-09T10:57:02 IST" name="Default suite" finished-at="2020-10-09T10:57:13 IST" duration-ms="10761">
    <groups>
    </groups>
    <test started-at="2020-10-09T10:57:02 IST" name="Default test" finished-at="2020-10-09T10:57:13 IST" duration-ms="10761">
      <class name="Demo.CWB.BasicTest">
        <test-method signature="commSecTest()[pri:0, instance:Demo.CWB.BasicTest@75cd8043]" started-at="2020-10-09T10:57:02 IST" name="commSecTest" finished-at="2020-10-09T10:57:07 IST" duration-ms="5099" status="PASS">
          <reporter-output>
          </reporter-output>
        </test-method> <!-- commSecTest -->
        <test-method signature="netBankTest()[pri:0, instance:Demo.CWB.BasicTest@75cd8043]" started-at="2020-10-09T10:57:07 IST" name="netBankTest" finished-at="2020-10-09T10:57:11 IST" duration-ms="4010" status="PASS">
          <reporter-output>
          </reporter-output>
        </test-method> <!-- netBankTest -->
        <test-method is-config="true" signature="afterTest()[pri:0, instance:Demo.CWB.BasicTest@75cd8043]" started-at="2020-10-09T10:57:11 IST" name="afterTest" finished-at="2020-10-09T10:57:13 IST" duration-ms="1553" status="PASS">
          <reporter-output>
          </reporter-output>
        </test-method> <!-- afterTest -->
      </class> <!-- Demo.CWB.BasicTest -->
    </test> <!-- Default test -->
  </suite> <!-- Default suite -->
</testng-results>
